[2015-04-07 18:32:43] local.ERROR: exception 'PDOException' with message 'SQLSTATE[HY000] [1045] Access denied for user 'forge'@'localhost' (using password: NO)' in /home/vagrant/www/laravel5/vendor/laravel/framework/src/Illuminate/Database/Connectors/Connector.php:47
Stack trace:
#0 /home/vagrant/www/laravel5/vendor/laravel/framework/src/Illuminate/Database/Connectors/Connector.php(47): PDO->__construct('mysql:host=loca...', 'forge', '', Array)
#1 /home/vagrant/www/laravel5/vendor/laravel/framework/src/Illuminate/Database/Connectors/MySqlConnector.php(20): Illuminate\Database\Connectors\Connector->createConnection('mysql:host=loca...', Array, Array)
#2 /home/vagrant/www/laravel5/vendor/compiled.php(10740): Illuminate\Database\Connectors\MySqlConnector->connect(Array)
#3 /home/vagrant/www/laravel5/vendor/compiled.php(10736): Illuminate\Database\Connectors\ConnectionFactory->createSingleConnection(Array)
#4 /home/vagrant/www/laravel5/vendor/compiled.php(10654): Illuminate\Database\Connectors\ConnectionFactory->make(Array, 'mysql')
#5 /home/vagrant/www/laravel5/vendor/compiled.php(10609): Illuminate\Database\DatabaseManager->makeConnection('mysql')
#6 /home/vagrant/www/laravel5/vendor/laravel/framework/src/Illuminate/Validation/DatabasePresenceVerifier.php(113): Illuminate\Database\DatabaseManager->connection(NULL)
#7 /home/vagrant/www/laravel5/vendor/laravel/framework/src/Illuminate/Validation/DatabasePresenceVerifier.php(45): Illuminate\Validation\DatabasePresenceVerifier->table('users')
#8 /home/vagrant/www/laravel5/vendor/laravel/framework/src/Illuminate/Validation/Validator.php(1057): Illuminate\Validation\DatabasePresenceVerifier->getCount('users', 'email', 'marklofebagaman...', NULL, NULL, Array)
#9 /home/vagrant/www/laravel5/vendor/laravel/framework/src/Illuminate/Validation/Validator.php(372): Illuminate\Validation\Validator->validateUnique('email', 'marklofebagaman...', Array, Object(Illuminate\Validation\Validator))
#10 /home/vagrant/www/laravel5/vendor/laravel/framework/src/Illuminate/Validation/Validator.php(325): Illuminate\Validation\Validator->validate('email', 'unique:users')
#11 /home/vagrant/www/laravel5/vendor/laravel/framework/src/Illuminate/Validation/Validator.php(347): Illuminate\Validation\Validator->passes()
#12 /home/vagrant/www/laravel5/vendor/compiled.php(2010): Illuminate\Validation\Validator->fails()
#13 [internal function]: App\Http\Controllers\Auth\AuthController->postRegister(Object(Illuminate\Http\Request))
#14 /home/vagrant/www/laravel5/vendor/compiled.php(8338): call_user_func_array(Array, Array)
#15 /home/vagrant/www/laravel5/vendor/compiled.php(8405): Illuminate\Routing\Controller->callAction('postRegister', Array)
#16 /home/vagrant/www/laravel5/vendor/compiled.php(8384): Illuminate\Routing\ControllerDispatcher->call(Object(App\Http\Controllers\Auth\AuthController), Object(Illuminate\Routing\Route), 'postRegister')
#17 [internal function]: Illuminate\Routing\ControllerDispatcher->Illuminate\Routing\{closure}(Object(Illuminate\Http\Request))
#18 /home/vagrant/www/laravel5/vendor/compiled.php(9016): call_user_func(Object(Closure), Object(Illuminate\Http\Request))
#19 /home/vagrant/www/laravel5/app/Http/Middleware/RedirectIfAuthenticated.php(41): Illuminate\Pipeline\Pipeline->Illuminate\Pipeline\{closure}(Object(Illuminate\Http\Request))
#20 /home/vagrant/www/laravel5/vendor/compiled.php(9008): App\Http\Middleware\RedirectIfAuthenticated->handle(Object(Illuminate\Http\Request), Object(Closure))
#21 [internal function]: Illuminate\Pipeline\Pipeline->Illuminate\Pipeline\{closure}(Object(Illuminate\Http\Request))
#22 /home/vagrant/www/laravel5/vendor/compiled.php(8999): call_user_func(Object(Closure), Object(Illuminate\Http\Request))
#23 /home/vagrant/www/laravel5/vendor/compiled.php(8385): Illuminate\Pipeline\Pipeline->then(Object(Closure))
#24 /home/vagrant/www/laravel5/vendor/compiled.php(8371): Illuminate\Routing\ControllerDispatcher->callWithinStack(Object(App\Http\Controllers\Auth\AuthController), Object(Illuminate\Routing\Route), Object(Illuminate\Http\Request), 'postRegister')
#25 /home/vagrant/www/laravel5/vendor/compiled.php(7368): Illuminate\Routing\ControllerDispatcher->dispatch(Object(Illuminate\Routing\Route), Object(Illuminate\Http\Request), 'App\\Http\\Contro...', 'postRegister')
#26 /home/vagrant/www/laravel5/vendor/compiled.php(7339): Illuminate\Routing\Route->runWithCustomDispatcher(Object(Illuminate\Http\Request))
#27 /home/vagrant/www/laravel5/vendor/compiled.php(7005): Illuminate\Routing\Route->run(Object(Illuminate\Http\Request))
#28 [internal function]: Illuminate\Routing\Router->Illuminate\Routing\{closure}(Object(Illuminate\Http\Request))
#29 /home/vagrant/www/laravel5/vendor/compiled.php(9016): call_user_func(Object(Closure), Object(Illuminate\Http\Request))
#30 [internal function]: Illuminate\Pipeline\Pipeline->Illuminate\Pipeline\{closure}(Object(Illuminate\Http\Request))
#31 /home/vagrant/www/laravel5/vendor/compiled.php(8999): call_user_func(Object(Closure), Object(Illuminate\Http\Request))
#32 /home/vagrant/www/laravel5/vendor/compiled.php(7006): Illuminate\Pipeline\Pipeline->then(Object(Closure))
#33 /home/vagrant/www/laravel5/vendor/compiled.php(6995): Illuminate\Routing\Router->runRouteWithinStack(Object(Illuminate\Routing\Route), Object(Illuminate\Http\Request))
#34 /home/vagrant/www/laravel5/vendor/compiled.php(6980): Illuminate\Routing\Router->dispatchToRoute(Object(Illuminate\Http\Request))
#35 /home/vagrant/www/laravel5/vendor/compiled.php(1974): Illuminate\Routing\Router->dispatch(Object(Illuminate\Http\Request))
#36 [internal function]: Illuminate\Foundation\Http\Kernel->Illuminate\Foundation\Http\{closure}(Object(Illuminate\Http\Request))
#37 /home/vagrant/www/laravel5/vendor/compiled.php(9016): call_user_func(Object(Closure), Object(Illuminate\Http\Request))
#38 /home/vagrant/www/laravel5/vendor/compiled.php(2477): Illuminate\Pipeline\Pipeline->Illuminate\Pipeline\{closure}(Object(Illuminate\Http\Request))
#39 /home/vagrant/www/laravel5/app/Http/Middleware/VerifyCsrfToken.php(17): Illuminate\Foundation\Http\Middleware\VerifyCsrfToken->handle(Object(Illuminate\Http\Request), Object(Closure))
#40 /home/vagrant/www/laravel5/vendor/compiled.php(9008): App\Http\Middleware\VerifyCsrfToken->handle(Object(Illuminate\Http\Request), Object(Closure))
#41 /home/vagrant/www/laravel5/vendor/compiled.php(12150): Illuminate\Pipeline\Pipeline->Illuminate\Pipeline\{closure}(Object(Illuminate\Http\Request))
#42 /home/vagrant/www/laravel5/vendor/compiled.php(9008): Illuminate\View\Middleware\ShareErrorsFromSession->handle(Object(Illuminate\Http\Request), Object(Closure))
#43 /home/vagrant/www/laravel5/vendor/compiled.php(10852): Illuminate\Pipeline\Pipeline->Illuminate\Pipeline\{closure}(Object(Illuminate\Http\Request))
#44 /home/vagrant/www/laravel5/vendor/compiled.php(9008): Illuminate\Session\Middleware\StartSession->handle(Object(Illuminate\Http\Request), Object(Closure))
#45 /home/vagrant/www/laravel5/vendor/compiled.php(11856): Illuminate\Pipeline\Pipeline->Illuminate\Pipeline\{closure}(Object(Illuminate\Http\Request))
#46 /home/vagrant/www/laravel5/vendor/compiled.php(9008): Illuminate\Cookie\Middleware\AddQueuedCookiesToResponse->handle(Object(Illuminate\Http\Request), Object(Closure))
#47 /home/vagrant/www/laravel5/vendor/compiled.php(11805): Illuminate\Pipeline\Pipeline->Illuminate\Pipeline\{closure}(Object(Illuminate\Http\Request))
#48 /home/vagrant/www/laravel5/vendor/compiled.php(9008): Illuminate\Cookie\Middleware\EncryptCookies->handle(Object(Illuminate\Http\Request), Object(Closure))
#49 /home/vagrant/www/laravel5/vendor/compiled.php(2517): Illuminate\Pipeline\Pipeline->Illuminate\Pipeline\{closure}(Object(Illuminate\Http\Request))
#50 /home/vagrant/www/laravel5/vendor/compiled.php(9008): Illuminate\Foundation\Http\Middleware\CheckForMaintenanceMode->handle(Object(Illuminate\Http\Request), Object(Closure))
#51 [internal function]: Illuminate\Pipeline\Pipeline->Illuminate\Pipeline\{closure}(Object(Illuminate\Http\Request))
#52 /home/vagrant/www/laravel5/vendor/compiled.php(8999): call_user_func(Object(Closure), Object(Illuminate\Http\Request))
#53 /home/vagrant/www/laravel5/vendor/compiled.php(1930): Illuminate\Pipeline\Pipeline->then(Object(Closure))
#54 /home/vagrant/www/laravel5/vendor/compiled.php(1917): Illuminate\Foundation\Http\Kernel->sendRequestThroughRouter(Object(Illuminate\Http\Request))
#55 /home/vagrant/www/laravel5/public/index.php(53): Illuminate\Foundation\Http\Kernel->handle(Object(Illuminate\Http\Request))
#56 {main}  
[2015-04-07 18:33:04] local.ERROR: exception 'PDOException' with message 'SQLSTATE[HY000] [1045] Access denied for user 'forge'@'localhost' (using password: NO)' in /home/vagrant/www/laravel5/vendor/laravel/framework/src/Illuminate/Database/Connectors/Connector.php:47
Stack trace:
#0 /home/vagrant/www/laravel5/vendor/laravel/framework/src/Illuminate/Database/Connectors/Connector.php(47): PDO->__construct('mysql:host=loca...', 'forge', '', Array)
#1 /home/vagrant/www/laravel5/vendor/laravel/framework/src/Illuminate/Database/Connectors/MySqlConnector.php(20): Illuminate\Database\Connectors\Connector->createConnection('mysql:host=loca...', Array, Array)
#2 /home/vagrant/www/laravel5/vendor/compiled.php(10740): Illuminate\Database\Connectors\MySqlConnector->connect(Array)
#3 /home/vagrant/www/laravel5/vendor/compiled.php(10736): Illuminate\Database\Connectors\ConnectionFactory->createSingleConnection(Array)
#4 /home/vagrant/www/laravel5/vendor/compiled.php(10654): Illuminate\Database\Connectors\ConnectionFactory->make(Array, 'mysql')
#5 /home/vagrant/www/laravel5/vendor/compiled.php(10609): Illuminate\Database\DatabaseManager->makeConnection('mysql')
#6 /home/vagrant/www/laravel5/vendor/laravel/framework/src/Illuminate/Validation/DatabasePresenceVerifier.php(113): Illuminate\Database\DatabaseManager->connection(NULL)
#7 /home/vagrant/www/laravel5/vendor/laravel/framework/src/Illuminate/Validation/DatabasePresenceVerifier.php(45): Illuminate\Validation\DatabasePresenceVerifier->table('users')
#8 /home/vagrant/www/laravel5/vendor/laravel/framework/src/Illuminate/Validation/Validator.php(1057): Illuminate\Validation\DatabasePresenceVerifier->getCount('users', 'email', 'marklofebagaman...', NULL, NULL, Array)
#9 /home/vagrant/www/laravel5/vendor/laravel/framework/src/Illuminate/Validation/Validator.php(372): Illuminate\Validation\Validator->validateUnique('email', 'marklofebagaman...', Array, Object(Illuminate\Validation\Validator))
#10 /home/vagrant/www/laravel5/vendor/laravel/framework/src/Illuminate/Validation/Validator.php(325): Illuminate\Validation\Validator->validate('email', 'unique:users')
#11 /home/vagrant/www/laravel5/vendor/laravel/framework/src/Illuminate/Validation/Validator.php(347): Illuminate\Validation\Validator->passes()
#12 /home/vagrant/www/laravel5/vendor/compiled.php(2010): Illuminate\Validation\Validator->fails()
#13 [internal function]: App\Http\Controllers\Auth\AuthController->postRegister(Object(Illuminate\Http\Request))
#14 /home/vagrant/www/laravel5/vendor/compiled.php(8338): call_user_func_array(Array, Array)
#15 /home/vagrant/www/laravel5/vendor/compiled.php(8405): Illuminate\Routing\Controller->callAction('postRegister', Array)
#16 /home/vagrant/www/laravel5/vendor/compiled.php(8384): Illuminate\Routing\ControllerDispatcher->call(Object(App\Http\Controllers\Auth\AuthController), Object(Illuminate\Routing\Route), 'postRegister')
#17 [internal function]: Illuminate\Routing\ControllerDispatcher->Illuminate\Routing\{closure}(Object(Illuminate\Http\Request))
#18 /home/vagrant/www/laravel5/vendor/compiled.php(9016): call_user_func(Object(Closure), Object(Illuminate\Http\Request))
#19 /home/vagrant/www/laravel5/app/Http/Middleware/RedirectIfAuthenticated.php(41): Illuminate\Pipeline\Pipeline->Illuminate\Pipeline\{closure}(Object(Illuminate\Http\Request))
#20 /home/vagrant/www/laravel5/vendor/compiled.php(9008): App\Http\Middleware\RedirectIfAuthenticated->handle(Object(Illuminate\Http\Request), Object(Closure))
#21 [internal function]: Illuminate\Pipeline\Pipeline->Illuminate\Pipeline\{closure}(Object(Illuminate\Http\Request))
#22 /home/vagrant/www/laravel5/vendor/compiled.php(8999): call_user_func(Object(Closure), Object(Illuminate\Http\Request))
#23 /home/vagrant/www/laravel5/vendor/compiled.php(8385): Illuminate\Pipeline\Pipeline->then(Object(Closure))
#24 /home/vagrant/www/laravel5/vendor/compiled.php(8371): Illuminate\Routing\ControllerDispatcher->callWithinStack(Object(App\Http\Controllers\Auth\AuthController), Object(Illuminate\Routing\Route), Object(Illuminate\Http\Request), 'postRegister')
#25 /home/vagrant/www/laravel5/vendor/compiled.php(7368): Illuminate\Routing\ControllerDispatcher->dispatch(Object(Illuminate\Routing\Route), Object(Illuminate\Http\Request), 'App\\Http\\Contro...', 'postRegister')
#26 /home/vagrant/www/laravel5/vendor/compiled.php(7339): Illuminate\Routing\Route->runWithCustomDispatcher(Object(Illuminate\Http\Request))
#27 /home/vagrant/www/laravel5/vendor/compiled.php(7005): Illuminate\Routing\Route->run(Object(Illuminate\Http\Request))
#28 [internal function]: Illuminate\Routing\Router->Illuminate\Routing\{closure}(Object(Illuminate\Http\Request))
#29 /home/vagrant/www/laravel5/vendor/compiled.php(9016): call_user_func(Object(Closure), Object(Illuminate\Http\Request))
#30 [internal function]: Illuminate\Pipeline\Pipeline->Illuminate\Pipeline\{closure}(Object(Illuminate\Http\Request))
#31 /home/vagrant/www/laravel5/vendor/compiled.php(8999): call_user_func(Object(Closure), Object(Illuminate\Http\Request))
#32 /home/vagrant/www/laravel5/vendor/compiled.php(7006): Illuminate\Pipeline\Pipeline->then(Object(Closure))
#33 /home/vagrant/www/laravel5/vendor/compiled.php(6995): Illuminate\Routing\Router->runRouteWithinStack(Object(Illuminate\Routing\Route), Object(Illuminate\Http\Request))
#34 /home/vagrant/www/laravel5/vendor/compiled.php(6980): Illuminate\Routing\Router->dispatchToRoute(Object(Illuminate\Http\Request))
#35 /home/vagrant/www/laravel5/vendor/compiled.php(1974): Illuminate\Routing\Router->dispatch(Object(Illuminate\Http\Request))
#36 [internal function]: Illuminate\Foundation\Http\Kernel->Illuminate\Foundation\Http\{closure}(Object(Illuminate\Http\Request))
#37 /home/vagrant/www/laravel5/vendor/compiled.php(9016): call_user_func(Object(Closure), Object(Illuminate\Http\Request))
#38 /home/vagrant/www/laravel5/vendor/compiled.php(2477): Illuminate\Pipeline\Pipeline->Illuminate\Pipeline\{closure}(Object(Illuminate\Http\Request))
#39 /home/vagrant/www/laravel5/app/Http/Middleware/VerifyCsrfToken.php(17): Illuminate\Foundation\Http\Middleware\VerifyCsrfToken->handle(Object(Illuminate\Http\Request), Object(Closure))
#40 /home/vagrant/www/laravel5/vendor/compiled.php(9008): App\Http\Middleware\VerifyCsrfToken->handle(Object(Illuminate\Http\Request), Object(Closure))
#41 /home/vagrant/www/laravel5/vendor/compiled.php(12150): Illuminate\Pipeline\Pipeline->Illuminate\Pipeline\{closure}(Object(Illuminate\Http\Request))
#42 /home/vagrant/www/laravel5/vendor/compiled.php(9008): Illuminate\View\Middleware\ShareErrorsFromSession->handle(Object(Illuminate\Http\Request), Object(Closure))
#43 /home/vagrant/www/laravel5/vendor/compiled.php(10852): Illuminate\Pipeline\Pipeline->Illuminate\Pipeline\{closure}(Object(Illuminate\Http\Request))
#44 /home/vagrant/www/laravel5/vendor/compiled.php(9008): Illuminate\Session\Middleware\StartSession->handle(Object(Illuminate\Http\Request), Object(Closure))
#45 /home/vagrant/www/laravel5/vendor/compiled.php(11856): Illuminate\Pipeline\Pipeline->Illuminate\Pipeline\{closure}(Object(Illuminate\Http\Request))
#46 /home/vagrant/www/laravel5/vendor/compiled.php(9008): Illuminate\Cookie\Middleware\AddQueuedCookiesToResponse->handle(Object(Illuminate\Http\Request), Object(Closure))
#47 /home/vagrant/www/laravel5/vendor/compiled.php(11805): Illuminate\Pipeline\Pipeline->Illuminate\Pipeline\{closure}(Object(Illuminate\Http\Request))
#48 /home/vagrant/www/laravel5/vendor/compiled.php(9008): Illuminate\Cookie\Middleware\EncryptCookies->handle(Object(Illuminate\Http\Request), Object(Closure))
#49 /home/vagrant/www/laravel5/vendor/compiled.php(2517): Illuminate\Pipeline\Pipeline->Illuminate\Pipeline\{closure}(Object(Illuminate\Http\Request))
#50 /home/vagrant/www/laravel5/vendor/compiled.php(9008): Illuminate\Foundation\Http\Middleware\CheckForMaintenanceMode->handle(Object(Illuminate\Http\Request), Object(Closure))
#51 [internal function]: Illuminate\Pipeline\Pipeline->Illuminate\Pipeline\{closure}(Object(Illuminate\Http\Request))
#52 /home/vagrant/www/laravel5/vendor/compiled.php(8999): call_user_func(Object(Closure), Object(Illuminate\Http\Request))
#53 /home/vagrant/www/laravel5/vendor/compiled.php(1930): Illuminate\Pipeline\Pipeline->then(Object(Closure))
#54 /home/vagrant/www/laravel5/vendor/compiled.php(1917): Illuminate\Foundation\Http\Kernel->sendRequestThroughRouter(Object(Illuminate\Http\Request))
#55 /home/vagrant/www/laravel5/public/index.php(53): Illuminate\Foundation\Http\Kernel->handle(Object(Illuminate\Http\Request))
#56 {main}  
